<?xml version="1.0" encoding="UTF-8"?>
<!-- Generated by org.testng.reporters.JUnitReportReporter -->
<testsuite hostname="Dell" failures="0" tests="2" name="distributedparallel.test6" time="0.024" errors="0" timestamp="2024-08-28T16:18:32 IST" skipped="0">
  <testcase classname="distributedparallel.test6" name="demo1" time="0.020"/>
  <testcase classname="distributedparallel.test6" name="demo2" time="0.004"/>
</testsuite> <!-- distributedparallel.test6 -->
