<?xml version="1.0" encoding="UTF-8"?>
<!-- Generated by org.testng.reporters.JUnitReportReporter -->
<testsuite hostname="Dell" failures="0" tests="1" name="distributedparallel.test1" time="0.024" errors="0" timestamp="2024-08-30T20:20:41 IST" skipped="0">
  <testcase classname="distributedparallel.test1" name="demo1" time="0.024"/>
</testsuite> <!-- distributedparallel.test1 -->
