<?xml version="1.0" encoding="UTF-8"?>
<!-- Generated by org.testng.reporters.JUnitReportReporter -->
<testsuite hostname="Dell" failures="0" tests="5" name="TestNG.PrioritizeTests" time="0.059" errors="0" timestamp="2024-08-27T12:14:20 IST" skipped="0">
  <testcase classname="TestNG.PrioritizeTests" name="demo5" time="0.023">
    <system-out>
      <![CDATA[demo5]]>
    </system-out>
  </testcase> <!-- demo5 -->
  <testcase classname="TestNG.PrioritizeTests" name="demo4" time="0.003">
    <system-out>
      <![CDATA[demo4]]>
    </system-out>
  </testcase> <!-- demo4 -->
  <testcase classname="TestNG.PrioritizeTests" name="demo3" time="0.012">
    <system-out>
      <![CDATA[demo3]]>
    </system-out>
  </testcase> <!-- demo3 -->
  <testcase classname="TestNG.PrioritizeTests" name="demo1" time="0.008">
    <system-out>
      <![CDATA[demo1]]>
    </system-out>
  </testcase> <!-- demo1 -->
  <testcase classname="TestNG.PrioritizeTests" name="demo2" time="0.013">
    <system-out>
      <![CDATA[demo2]]>
    </system-out>
  </testcase> <!-- demo2 -->
  <system-out>
    <![CDATA[demo5
demo4
demo3
demo1
demo2]]>
  </system-out>
</testsuite> <!-- TestNG.PrioritizeTests -->
