<?xml version="1.0" encoding="UTF-8"?>
<!-- Generated by org.testng.reporters.JUnitReportReporter -->
<testsuite hostname="Dell" failures="0" tests="1" name="distributedparallel.test3" time="0.011" errors="0" timestamp="2024-08-30T20:20:41 IST" skipped="0">
  <testcase classname="distributedparallel.test3" name="demo2" time="0.011"/>
</testsuite> <!-- distributedparallel.test3 -->
