<?xml version="1.0" encoding="UTF-8"?>
<!-- Generated by org.testng.reporters.JUnitReportReporter -->
<testsuite hostname="Dell" failures="0" tests="1" name="TestNG.SampleTest" time="0.020" errors="0" timestamp="2024-08-27T12:12:10 IST" skipped="0">
  <testcase classname="TestNG.SampleTest" name="test0" time="0.020">
    <system-out>
      <![CDATA[Hi!.... Manasa]]>
    </system-out>
  </testcase> <!-- test0 -->
  <system-out>
    <![CDATA[Hi!.... Manasa]]>
  </system-out>
</testsuite> <!-- TestNG.SampleTest -->
