<?xml version="1.0" encoding="UTF-8"?>
<!-- Generated by org.testng.reporters.JUnitReportReporter -->
<testsuite hostname="Dell" failures="0" tests="1" name="annotations.testclass" time="0.033" errors="0" timestamp="2024-08-26T16:11:09 IST" skipped="0">
  <testcase classname="annotations.testclass" name="testMethod" time="0.033"/>
</testsuite> <!-- annotations.testclass -->
