<?xml version="1.0" encoding="UTF-8"?>
<!-- Generated by org.testng.reporters.JUnitReportReporter -->
<testsuite hostname="Dell" failures="0" tests="3" name="Dataproviders.Dataprovidertest" time="0.036" errors="0" timestamp="2024-08-30T20:22:43 IST" skipped="0">
  <testcase classname="Dataproviders.Dataprovidertest" name="bookTicketTest" time="0.010"/>
  <testcase classname="Dataproviders.Dataprovidertest" name="bookTicketTest" time="0.004"/>
  <testcase classname="Dataproviders.Dataprovidertest" name="bookTicketTest" time="0.022"/>
</testsuite> <!-- Dataproviders.Dataprovidertest -->
