<?xml version="1.0" encoding="UTF-8"?>
<!-- Generated by org.testng.reporters.JUnitReportReporter -->
<testsuite hostname="Dell" failures="0" tests="1" name="Listeneres.Testclass" time="0.011" errors="0" timestamp="2024-08-30T20:21:08 IST" skipped="0">
  <testcase classname="Listeneres.Testclass" name="testMethod" time="0.011"/>
</testsuite> <!-- Listeneres.Testclass -->
