<?xml version="1.0" encoding="UTF-8"?>
<!-- Generated by org.testng.reporters.JUnitReportReporter -->
<testsuite hostname="Dell" failures="0" tests="2" name="TestNG.DependsOnMethodsTest" time="30.245" errors="0" timestamp="2024-08-27T12:27:50 IST" skipped="0">
  <testcase classname="TestNG.DependsOnMethodsTest" name="loginToApp" time="14.962"/>
  <testcase classname="TestNG.DependsOnMethodsTest" name="navigateToApp" time="15.283"/>
</testsuite> <!-- TestNG.DependsOnMethodsTest -->
